#-----------------------------------------------------------
# Vivado v2020.1 (64-bit)
# SW Build 2902540 on Wed May 27 19:54:49 MDT 2020
# IP Build 2902112 on Wed May 27 22:43:36 MDT 2020
# Start of session at: Sun Apr  6 02:40:13 2025
# Process ID: 33236
# Current directory: C:/Users/xuelihao/AppData/Roaming/Xilinx/Vivado
# Command line: vivado.exe -gui_launcher_event rodinguilauncherevent34012
# Log file: C:/Users/xuelihao/AppData/Roaming/Xilinx/Vivado/vivado.log
# Journal file: C:/Users/xuelihao/AppData/Roaming/Xilinx/Vivado\vivado.jou
#-----------------------------------------------------------
start_gui
open_project C:/Users/xuelihao/Desktop/hw/hw/hw.xpr
Scanning sources...
Finished scanning sources
INFO: [IP_Flow 19-234] Refreshing IP repositories
INFO: [IP_Flow 19-1700] Loaded user IP repository 'c:/Users/xuelihao/Desktop/hw/hw/hw.ipdefs/repo'.
INFO: [IP_Flow 19-1700] Loaded user IP repository 'c:/Users/xuelihao/Desktop/IPout'.
INFO: [IP_Flow 19-2313] Loaded Vivado IP repository 'F:/Xilinx/Vivado/2020.1/data/ip'.
open_project: Time (s): cpu = 00:00:15 ; elapsed = 00:00:08 . Memory (MB): peak = 1374.207 ; gain = 239.691
generate_target all [get_files  C:/Users/xuelihao/Desktop/hw/hw/hw.srcs/sources_1/bd/hdmi/hdmi.bd]
WARNING: [BD 41-1731] Type mismatch between connected pins: /axi_dynclk_0/PXL_CLK_O(clk) and /light_strip_output_0/pclk(undef)
WARNING: [BD 41-1731] Type mismatch between connected pins: /mig_7series_0/mmcm_locked(undef) and /dvi2rgb_0/aRst_n(rst)
INFO: [BD 41-1662] The design 'hdmi.bd' is already validated. Therefore parameter propagation will not be re-run.
VHDL Output written to : C:/Users/xuelihao/Desktop/hw/hw/hw.srcs/sources_1/bd/hdmi/synth/hdmi.v
VHDL Output written to : C:/Users/xuelihao/Desktop/hw/hw/hw.srcs/sources_1/bd/hdmi/sim/hdmi.v
VHDL Output written to : C:/Users/xuelihao/Desktop/hw/hw/hw.srcs/sources_1/bd/hdmi/hdl/hdmi_wrapper.v
INFO: [BD 41-1029] Generation completed for the IP Integrator block mig_7series_0 .
CRITICAL WARNING: [IP_Flow 19-4965] IP rbg_ram was packaged with board value 'digilentinc.com:nexys_video:part0:1.2'. Current project's board value is 'digilentinc.com:nexys_video:part0:1.1'. Please update the project settings to match the packaged IP.
CRITICAL WARNING: [IP_Flow 19-4965] IP fifo_fuck_asy was packaged with board value 'digilentinc.com:nexys_video:part0:1.2'. Current project's board value is 'digilentinc.com:nexys_video:part0:1.1'. Please update the project settings to match the packaged IP.
INFO: [BD 41-1029] Generation completed for the IP Integrator block light_strip_output_0 .
INFO: [BD 41-1029] Generation completed for the IP Integrator block axi_mem_intercon/s00_couplers/s00_regslice .
WARNING: [IP_Flow 19-4994] Overwriting existing constraint file 'c:/Users/xuelihao/Desktop/hw/hw/hw.srcs/sources_1/bd/hdmi/ip/hdmi_auto_us_0/hdmi_auto_us_0_ooc.xdc'
WARNING: [IP_Flow 19-5611] Unable to find an associated reset port for the interface 'S_AXI'. A default connection has been created.
WARNING: [IP_Flow 19-5611] Unable to find an associated reset port for the interface 'M_AXI'. A default connection has been created.
INFO: [BD 41-1029] Generation completed for the IP Integrator block axi_mem_intercon/s00_couplers/auto_us .
INFO: [BD 41-1029] Generation completed for the IP Integrator block axi_mem_intercon/s00_couplers/auto_rs_w .
INFO: [BD 41-1029] Generation completed for the IP Integrator block axi_mem_intercon/s01_couplers/s01_regslice .
WARNING: [IP_Flow 19-4994] Overwriting existing constraint file 'c:/Users/xuelihao/Desktop/hw/hw/hw.srcs/sources_1/bd/hdmi/ip/hdmi_auto_us_1/hdmi_auto_us_1_ooc.xdc'
WARNING: [IP_Flow 19-5611] Unable to find an associated reset port for the interface 'S_AXI'. A default connection has been created.
WARNING: [IP_Flow 19-5611] Unable to find an associated reset port for the interface 'M_AXI'. A default connection has been created.
INFO: [BD 41-1029] Generation completed for the IP Integrator block axi_mem_intercon/s01_couplers/auto_us .
INFO: [BD 41-1029] Generation completed for the IP Integrator block axi_mem_intercon/s01_couplers/auto_rs_w .
INFO: [BD 41-1029] Generation completed for the IP Integrator block axi_mem_intercon/s02_couplers/s02_regslice .
INFO: [BD 41-1029] Generation completed for the IP Integrator block axi_mem_intercon/s03_couplers/s03_regslice .
INFO: [BD 41-1029] Generation completed for the IP Integrator block axi_mem_intercon/m00_couplers/m00_regslice .
WARNING: [IP_Flow 19-4994] Overwriting existing constraint file 'c:/Users/xuelihao/Desktop/hw/hw/hw.srcs/sources_1/bd/hdmi/ip/hdmi_auto_ds_0/hdmi_auto_ds_0_ooc.xdc'
WARNING: [IP_Flow 19-5611] Unable to find an associated reset port for the interface 'S_AXI'. A default connection has been created.
WARNING: [IP_Flow 19-5611] Unable to find an associated reset port for the interface 'M_AXI'. A default connection has been created.
INFO: [BD 41-1029] Generation completed for the IP Integrator block axi_mem_intercon/m00_couplers/auto_ds .
INFO: [BD 41-1029] Generation completed for the IP Integrator block axi_mem_intercon/m00_couplers/auto_rs_w .
Exporting to file C:/Users/xuelihao/Desktop/hw/hw/hw.srcs/sources_1/bd/hdmi/hw_handoff/hdmi.hwh
Generated Block Design Tcl file C:/Users/xuelihao/Desktop/hw/hw/hw.srcs/sources_1/bd/hdmi/hw_handoff/hdmi_bd.tcl
Generated Hardware Definition File C:/Users/xuelihao/Desktop/hw/hw/hw.srcs/sources_1/bd/hdmi/synth/hdmi.hwdef
generate_target: Time (s): cpu = 00:00:20 ; elapsed = 00:00:27 . Memory (MB): peak = 2495.473 ; gain = 99.402
catch { config_ip_cache -export [get_ips -all hdmi_mig_7series_0_0] }
INFO: [IP_Flow 19-4993] Using cached IP synthesis design for IP hdmi_mig_7series_0_0, cache-ID = 894ac8dacf115e64; cache size = 28.648 MB.
catch { config_ip_cache -export [get_ips -all hdmi_light_strip_output_0_4] }
catch { config_ip_cache -export [get_ips -all hdmi_s00_regslice_0] }
INFO: [IP_Flow 19-4993] Using cached IP synthesis design for IP hdmi_s00_regslice_0, cache-ID = 1b52064b75ace717; cache size = 28.648 MB.
catch { config_ip_cache -export [get_ips -all hdmi_auto_us_0] }
INFO: [IP_Flow 19-4993] Using cached IP synthesis design for IP hdmi_auto_us_0, cache-ID = 4974ff7c280fe2e4; cache size = 28.648 MB.
catch { config_ip_cache -export [get_ips -all hdmi_auto_rs_w_1] }
INFO: [IP_Flow 19-4993] Using cached IP synthesis design for IP hdmi_auto_rs_w_1, cache-ID = bfd3f5348608d7ba; cache size = 28.648 MB.
catch { config_ip_cache -export [get_ips -all hdmi_s01_regslice_0] }
INFO: [IP_Flow 19-4993] Using cached IP synthesis design for IP hdmi_s01_regslice_0, cache-ID = 7ba8c0c9fdaccc49; cache size = 28.648 MB.
catch { config_ip_cache -export [get_ips -all hdmi_auto_us_1] }
INFO: [IP_Flow 19-4993] Using cached IP synthesis design for IP hdmi_auto_us_1, cache-ID = 9e09e2e402ebf1b2; cache size = 28.648 MB.
catch { config_ip_cache -export [get_ips -all hdmi_auto_rs_w_2] }
INFO: [IP_Flow 19-4993] Using cached IP synthesis design for IP hdmi_auto_rs_w_2, cache-ID = 89e8cd400b2ff285; cache size = 28.648 MB.
catch { config_ip_cache -export [get_ips -all hdmi_s02_regslice_0] }
INFO: [IP_Flow 19-4993] Using cached IP synthesis design for IP hdmi_s02_regslice_0, cache-ID = f2a480abb74fdd10; cache size = 28.648 MB.
catch { config_ip_cache -export [get_ips -all hdmi_s03_regslice_0] }
INFO: [IP_Flow 19-4993] Using cached IP synthesis design for IP hdmi_s03_regslice_0, cache-ID = bfd3f5348608d7ba; cache size = 28.648 MB.
catch { config_ip_cache -export [get_ips -all hdmi_m00_regslice_0] }
INFO: [IP_Flow 19-4993] Using cached IP synthesis design for IP hdmi_m00_regslice_0, cache-ID = 9c1c351c27a2503b; cache size = 28.648 MB.
catch { config_ip_cache -export [get_ips -all hdmi_auto_ds_0] }
INFO: [IP_Flow 19-4993] Using cached IP synthesis design for IP hdmi_auto_ds_0, cache-ID = be1c0778fd34145c; cache size = 28.648 MB.
catch { config_ip_cache -export [get_ips -all hdmi_auto_rs_w_0] }
INFO: [IP_Flow 19-4993] Using cached IP synthesis design for IP hdmi_auto_rs_w_0, cache-ID = 45e75c88df968a56; cache size = 28.648 MB.
export_ip_user_files -of_objects [get_files C:/Users/xuelihao/Desktop/hw/hw/hw.srcs/sources_1/bd/hdmi/hdmi.bd] -no_script -sync -force -quiet
create_ip_run [get_files -of_objects [get_fileset sources_1] C:/Users/xuelihao/Desktop/hw/hw/hw.srcs/sources_1/bd/hdmi/hdmi.bd]
launch_runs hdmi_light_strip_output_0_4_synth_1 -jobs 2
[Sun Apr  6 02:41:31 2025] Launched hdmi_light_strip_output_0_4_synth_1...
Run output will be captured here: C:/Users/xuelihao/Desktop/hw/hw/hw.runs/hdmi_light_strip_output_0_4_synth_1/runme.log
launch_runs: Time (s): cpu = 00:00:01 ; elapsed = 00:00:25 . Memory (MB): peak = 2495.473 ; gain = 0.000
export_simulation -of_objects [get_files C:/Users/xuelihao/Desktop/hw/hw/hw.srcs/sources_1/bd/hdmi/hdmi.bd] -directory C:/Users/xuelihao/Desktop/hw/hw/hw.ip_user_files/sim_scripts -ip_user_files_dir C:/Users/xuelihao/Desktop/hw/hw/hw.ip_user_files -ipstatic_source_dir C:/Users/xuelihao/Desktop/hw/hw/hw.ip_user_files/ipstatic -lib_map_path [list {modelsim=C:/Users/xuelihao/Desktop/hw/hw/hw.cache/compile_simlib/modelsim} {questa=C:/Users/xuelihao/Desktop/hw/hw/hw.cache/compile_simlib/questa} {riviera=C:/Users/xuelihao/Desktop/hw/hw/hw.cache/compile_simlib/riviera} {activehdl=C:/Users/xuelihao/Desktop/hw/hw/hw.cache/compile_simlib/activehdl}] -use_ip_compiled_libs -force -quiet
update_compile_order -fileset sources_1
archive_project C:/Users/xuelihao/Desktop/hw/hw.xpr.zip -temp_dir C:/Users/xuelihao/AppData/Roaming/Xilinx/Vivado/.Xil/Vivado-33236-xuelihao -force -exclude_run_results -include_config_settings
INFO: [Coretcl 2-137] starting archive...
INFO: [Coretcl 2-1499] Saving project copy to temporary location 'C:/Users/xuelihao/AppData/Roaming/Xilinx/Vivado/.Xil/Vivado-33236-xuelihao' for archiving project
Scanning sources...
Finished scanning sources
INFO: [IP_Flow 19-234] Refreshing IP repositories
INFO: [IP_Flow 19-1700] Loaded user IP repository 'c:/Users/xuelihao/Desktop/hw/hw/hw.ipdefs/repo'.
INFO: [IP_Flow 19-1700] Loaded user IP repository 'c:/Users/xuelihao/Desktop/IPout'.
INFO: [IP_Flow 19-2313] Loaded Vivado IP repository 'F:/Xilinx/Vivado/2020.1/data/ip'.
INFO: [Coretcl 2-1211] Creating project copy for archival...
INFO: [ProjectBase 1-495] The host OS only allows 260 characters in a normal path. The project is stored in a path with more than 80 characters. If you experience any problem with archiving the project, please consider setting environment variable $TEMP to a shorter path.
Current project path is 'C:/Users/xuelihao/AppData/Roaming/Xilinx/Vivado/.Xil/Vivado-33236-xuelihao/PrjAr/_X_'.
INFO: [IP_Flow 19-234] Refreshing IP repositories
INFO: [IP_Flow 19-1700] Loaded user IP repository 'c:/Users/xuelihao/Desktop/hw/hw/hw.ipdefs/repo'.
INFO: [IP_Flow 19-1700] Loaded user IP repository 'c:/Users/xuelihao/Desktop/IPout'.
INFO: [IP_Flow 19-234] Refreshing IP repositories
INFO: [IP_Flow 19-1700] Loaded user IP repository 'c:/Users/xuelihao/Desktop/hw/hw/hw.ipdefs/repo'.
INFO: [IP_Flow 19-1700] Loaded user IP repository 'c:/Users/xuelihao/Desktop/IPout'.
INFO: [Coretcl 2-135] resetting runs for excluding generated files from archive...
WARNING: [Coretcl 2-105] Run 'synth_1' is currently active
INFO: [Coretcl 2-133] re-setting run 'synth_1'...
WARNING: [Coretcl 2-105] Run 'hdmi_axi_gpio_video_0_synth_1' is currently active
INFO: [Coretcl 2-133] re-setting run 'hdmi_axi_gpio_video_0_synth_1'...
WARNING: [Coretcl 2-105] Run 'hdmi_dvi2rgb_0_0_synth_1' is currently active
INFO: [Coretcl 2-133] re-setting run 'hdmi_dvi2rgb_0_0_synth_1'...
WARNING: [Coretcl 2-105] Run 'hdmi_mdm_1_0_synth_1' is currently active
INFO: [Coretcl 2-133] re-setting run 'hdmi_mdm_1_0_synth_1'...
WARNING: [Coretcl 2-105] Run 'hdmi_microblaze_0_0_synth_1' is currently active
INFO: [Coretcl 2-133] re-setting run 'hdmi_microblaze_0_0_synth_1'...
WARNING: [Coretcl 2-105] Run 'hdmi_microblaze_0_axi_intc_0_synth_1' is currently active
INFO: [Coretcl 2-133] re-setting run 'hdmi_microblaze_0_axi_intc_0_synth_1'...
WARNING: [Coretcl 2-105] Run 'hdmi_axi_vdma_0_0_synth_1' is currently active
INFO: [Coretcl 2-133] re-setting run 'hdmi_axi_vdma_0_0_synth_1'...
WARNING: [Coretcl 2-105] Run 'hdmi_xbar_1_synth_1' is currently active
INFO: [Coretcl 2-133] re-setting run 'hdmi_xbar_1_synth_1'...
WARNING: [Coretcl 2-105] Run 'hdmi_axi_timer_0_0_synth_1' is currently active
INFO: [Coretcl 2-133] re-setting run 'hdmi_axi_timer_0_0_synth_1'...
WARNING: [Coretcl 2-105] Run 'hdmi_xbar_0_synth_1' is currently active
INFO: [Coretcl 2-133] re-setting run 'hdmi_xbar_0_synth_1'...
WARNING: [Coretcl 2-105] Run 'hdmi_dlmb_bram_if_cntlr_0_synth_1' is currently active
INFO: [Coretcl 2-133] re-setting run 'hdmi_dlmb_bram_if_cntlr_0_synth_1'...
WARNING: [Coretcl 2-105] Run 'hdmi_dlmb_v10_0_synth_1' is currently active
INFO: [Coretcl 2-133] re-setting run 'hdmi_dlmb_v10_0_synth_1'...
WARNING: [Coretcl 2-105] Run 'hdmi_axi_dynclk_0_0_synth_1' is currently active
INFO: [Coretcl 2-133] re-setting run 'hdmi_axi_dynclk_0_0_synth_1'...
WARNING: [Coretcl 2-105] Run 'hdmi_ilmb_bram_if_cntlr_0_synth_1' is currently active
INFO: [Coretcl 2-133] re-setting run 'hdmi_ilmb_bram_if_cntlr_0_synth_1'...
WARNING: [Coretcl 2-105] Run 'hdmi_ilmb_v10_0_synth_1' is currently active
INFO: [Coretcl 2-133] re-setting run 'hdmi_ilmb_v10_0_synth_1'...
WARNING: [Coretcl 2-105] Run 'hdmi_v_vid_in_axi4s_0_0_synth_1' is currently active
INFO: [Coretcl 2-133] re-setting run 'hdmi_v_vid_in_axi4s_0_0_synth_1'...
WARNING: [Coretcl 2-105] Run 'hdmi_rst_mig_7series_0_100M_0_synth_1' is currently active
INFO: [Coretcl 2-133] re-setting run 'hdmi_rst_mig_7series_0_100M_0_synth_1'...
WARNING: [Coretcl 2-105] Run 'hdmi_lmb_bram_0_synth_1' is currently active
INFO: [Coretcl 2-133] re-setting run 'hdmi_lmb_bram_0_synth_1'...
WARNING: [Coretcl 2-105] Run 'hdmi_rgb2dvi_0_0_synth_1' is currently active
INFO: [Coretcl 2-133] re-setting run 'hdmi_rgb2dvi_0_0_synth_1'...
WARNING: [Coretcl 2-105] Run 'hdmi_v_axi4s_vid_out_0_0_synth_1' is currently active
INFO: [Coretcl 2-133] re-setting run 'hdmi_v_axi4s_vid_out_0_0_synth_1'...
WARNING: [Coretcl 2-105] Run 'hdmi_rst_mig_7series_0_pxl_0_synth_1' is currently active
INFO: [Coretcl 2-133] re-setting run 'hdmi_rst_mig_7series_0_pxl_0_synth_1'...
WARNING: [Coretcl 2-105] Run 'hdmi_v_tc_1_0_synth_1' is currently active
INFO: [Coretcl 2-133] re-setting run 'hdmi_v_tc_1_0_synth_1'...
WARNING: [Coretcl 2-105] Run 'hdmi_v_tc_0_0_synth_1' is currently active
INFO: [Coretcl 2-133] re-setting run 'hdmi_v_tc_0_0_synth_1'...
WARNING: [Coretcl 2-105] Run 'hdmi_axi_gpio_0_1_synth_1' is currently active
INFO: [Coretcl 2-133] re-setting run 'hdmi_axi_gpio_0_1_synth_1'...
WARNING: [Coretcl 2-105] Run 'hdmi_rgb_mux_0_1_synth_1' is currently active
INFO: [Coretcl 2-133] re-setting run 'hdmi_rgb_mux_0_1_synth_1'...
WARNING: [Coretcl 2-105] Run 'hdmi_axi_gpio_0_2_synth_1' is currently active
INFO: [Coretcl 2-133] re-setting run 'hdmi_axi_gpio_0_2_synth_1'...
WARNING: [Coretcl 2-105] Run 'hdmi_rgb_color_mux_0_0_synth_1' is currently active
INFO: [Coretcl 2-133] re-setting run 'hdmi_rgb_color_mux_0_0_synth_1'...
WARNING: [Coretcl 2-105] Run 'hdmi_light_strip_output_0_4_synth_1' is currently active
INFO: [Coretcl 2-133] re-setting run 'hdmi_light_strip_output_0_4_synth_1'...
INFO: [Coretcl 2-133] re-setting run 'impl_1'...
INFO: [Coretcl 2-133] re-setting run 'hdmi_axi_gpio_video_0_impl_1'...
INFO: [Coretcl 2-133] re-setting run 'hdmi_dvi2rgb_0_0_impl_1'...
INFO: [Coretcl 2-133] re-setting run 'hdmi_mdm_1_0_impl_1'...
INFO: [Coretcl 2-133] re-setting run 'hdmi_microblaze_0_0_impl_1'...
INFO: [Coretcl 2-133] re-setting run 'hdmi_microblaze_0_axi_intc_0_impl_1'...
INFO: [Coretcl 2-133] re-setting run 'hdmi_axi_vdma_0_0_impl_1'...
INFO: [Coretcl 2-133] re-setting run 'hdmi_xbar_1_impl_1'...
INFO: [Coretcl 2-133] re-setting run 'hdmi_axi_timer_0_0_impl_1'...
INFO: [Coretcl 2-133] re-setting run 'hdmi_xbar_0_impl_1'...
INFO: [Coretcl 2-133] re-setting run 'hdmi_dlmb_bram_if_cntlr_0_impl_1'...
INFO: [Coretcl 2-133] re-setting run 'hdmi_dlmb_v10_0_impl_1'...
INFO: [Coretcl 2-133] re-setting run 'hdmi_axi_dynclk_0_0_impl_1'...
INFO: [Coretcl 2-133] re-setting run 'hdmi_ilmb_bram_if_cntlr_0_impl_1'...
INFO: [Coretcl 2-133] re-setting run 'hdmi_ilmb_v10_0_impl_1'...
INFO: [Coretcl 2-133] re-setting run 'hdmi_v_vid_in_axi4s_0_0_impl_1'...
INFO: [Coretcl 2-133] re-setting run 'hdmi_rst_mig_7series_0_100M_0_impl_1'...
INFO: [Coretcl 2-133] re-setting run 'hdmi_lmb_bram_0_impl_1'...
INFO: [Coretcl 2-133] re-setting run 'hdmi_rgb2dvi_0_0_impl_1'...
INFO: [Coretcl 2-133] re-setting run 'hdmi_v_axi4s_vid_out_0_0_impl_1'...
INFO: [Coretcl 2-133] re-setting run 'hdmi_rst_mig_7series_0_pxl_0_impl_1'...
INFO: [Coretcl 2-133] re-setting run 'hdmi_v_tc_1_0_impl_1'...
INFO: [Coretcl 2-133] re-setting run 'hdmi_v_tc_0_0_impl_1'...
INFO: [Coretcl 2-133] re-setting run 'hdmi_axi_gpio_0_1_impl_1'...
INFO: [Coretcl 2-133] re-setting run 'hdmi_rgb_mux_0_1_impl_1'...
INFO: [Coretcl 2-133] re-setting run 'hdmi_axi_gpio_0_2_impl_1'...
INFO: [Coretcl 2-133] re-setting run 'hdmi_rgb_color_mux_0_0_impl_1'...
INFO: [Coretcl 2-133] re-setting run 'hdmi_light_strip_output_0_4_impl_1'...
INFO: [Coretcl 2-1212] Importing remotely added design sources and verilog include files (if any)...
INFO: [filemgmt 20-334] All file(s) are already imported in fileset: 'hdmi_axi_dynclk_0_0'
INFO: [filemgmt 20-348] Importing the appropriate files for fileset: 'hdmi_axi_dynclk_0_0'
INFO: [filemgmt 20-334] All file(s) are already imported in fileset: 'hdmi_axi_gpio_0_1'
INFO: [filemgmt 20-348] Importing the appropriate files for fileset: 'hdmi_axi_gpio_0_1'
INFO: [filemgmt 20-334] All file(s) are already imported in fileset: 'hdmi_axi_gpio_0_2'
INFO: [filemgmt 20-348] Importing the appropriate files for fileset: 'hdmi_axi_gpio_0_2'
INFO: [filemgmt 20-334] All file(s) are already imported in fileset: 'hdmi_axi_gpio_video_0'
INFO: [filemgmt 20-348] Importing the appropriate files for fileset: 'hdmi_axi_gpio_video_0'
INFO: [filemgmt 20-334] All file(s) are already imported in fileset: 'hdmi_axi_timer_0_0'
INFO: [filemgmt 20-348] Importing the appropriate files for fileset: 'hdmi_axi_timer_0_0'
INFO: [filemgmt 20-334] All file(s) are already imported in fileset: 'hdmi_axi_vdma_0_0'
INFO: [filemgmt 20-348] Importing the appropriate files for fileset: 'hdmi_axi_vdma_0_0'
INFO: [filemgmt 20-334] All file(s) are already imported in fileset: 'hdmi_dlmb_bram_if_cntlr_0'
INFO: [filemgmt 20-348] Importing the appropriate files for fileset: 'hdmi_dlmb_bram_if_cntlr_0'
INFO: [filemgmt 20-334] All file(s) are already imported in fileset: 'hdmi_dlmb_v10_0'
INFO: [filemgmt 20-348] Importing the appropriate files for fileset: 'hdmi_dlmb_v10_0'
INFO: [filemgmt 20-334] All file(s) are already imported in fileset: 'hdmi_dvi2rgb_0_0'
INFO: [filemgmt 20-348] Importing the appropriate files for fileset: 'hdmi_dvi2rgb_0_0'
INFO: [filemgmt 20-334] All file(s) are already imported in fileset: 'hdmi_ilmb_bram_if_cntlr_0'
INFO: [filemgmt 20-348] Importing the appropriate files for fileset: 'hdmi_ilmb_bram_if_cntlr_0'
INFO: [filemgmt 20-334] All file(s) are already imported in fileset: 'hdmi_ilmb_v10_0'
INFO: [filemgmt 20-348] Importing the appropriate files for fileset: 'hdmi_ilmb_v10_0'
INFO: [filemgmt 20-334] All file(s) are already imported in fileset: 'hdmi_light_strip_output_0_4'
INFO: [filemgmt 20-348] Importing the appropriate files for fileset: 'hdmi_light_strip_output_0_4'
INFO: [filemgmt 20-334] All file(s) are already imported in fileset: 'hdmi_lmb_bram_0'
INFO: [filemgmt 20-348] Importing the appropriate files for fileset: 'hdmi_lmb_bram_0'
INFO: [filemgmt 20-334] All file(s) are already imported in fileset: 'hdmi_mdm_1_0'
INFO: [filemgmt 20-348] Importing the appropriate files for fileset: 'hdmi_mdm_1_0'
INFO: [filemgmt 20-334] All file(s) are already imported in fileset: 'hdmi_microblaze_0_0'
INFO: [filemgmt 20-348] Importing the appropriate files for fileset: 'hdmi_microblaze_0_0'
INFO: [filemgmt 20-334] All file(s) are already imported in fileset: 'hdmi_microblaze_0_axi_intc_0'
INFO: [filemgmt 20-348] Importing the appropriate files for fileset: 'hdmi_microblaze_0_axi_intc_0'
INFO: [filemgmt 20-334] All file(s) are already imported in fileset: 'hdmi_rgb2dvi_0_0'
INFO: [filemgmt 20-348] Importing the appropriate files for fileset: 'hdmi_rgb2dvi_0_0'
INFO: [filemgmt 20-334] All file(s) are already imported in fileset: 'hdmi_rgb_color_mux_0_0'
INFO: [filemgmt 20-348] Importing the appropriate files for fileset: 'hdmi_rgb_color_mux_0_0'
INFO: [filemgmt 20-334] All file(s) are already imported in fileset: 'hdmi_rgb_mux_0_1'
INFO: [filemgmt 20-348] Importing the appropriate files for fileset: 'hdmi_rgb_mux_0_1'
INFO: [filemgmt 20-334] All file(s) are already imported in fileset: 'hdmi_rst_mig_7series_0_100M_0'
INFO: [filemgmt 20-348] Importing the appropriate files for fileset: 'hdmi_rst_mig_7series_0_100M_0'
INFO: [filemgmt 20-334] All file(s) are already imported in fileset: 'hdmi_rst_mig_7series_0_pxl_0'
INFO: [filemgmt 20-348] Importing the appropriate files for fileset: 'hdmi_rst_mig_7series_0_pxl_0'
INFO: [filemgmt 20-334] All file(s) are already imported in fileset: 'hdmi_v_axi4s_vid_out_0_0'
INFO: [filemgmt 20-348] Importing the appropriate files for fileset: 'hdmi_v_axi4s_vid_out_0_0'
INFO: [filemgmt 20-334] All file(s) are already imported in fileset: 'hdmi_v_tc_0_0'
INFO: [filemgmt 20-348] Importing the appropriate files for fileset: 'hdmi_v_tc_0_0'
INFO: [filemgmt 20-334] All file(s) are already imported in fileset: 'hdmi_v_tc_1_0'
INFO: [filemgmt 20-348] Importing the appropriate files for fileset: 'hdmi_v_tc_1_0'
INFO: [filemgmt 20-334] All file(s) are already imported in fileset: 'hdmi_v_vid_in_axi4s_0_0'
INFO: [filemgmt 20-348] Importing the appropriate files for fileset: 'hdmi_v_vid_in_axi4s_0_0'
INFO: [filemgmt 20-334] All file(s) are already imported in fileset: 'hdmi_xbar_0'
INFO: [filemgmt 20-348] Importing the appropriate files for fileset: 'hdmi_xbar_0'
INFO: [filemgmt 20-334] All file(s) are already imported in fileset: 'hdmi_xbar_1'
INFO: [filemgmt 20-348] Importing the appropriate files for fileset: 'hdmi_xbar_1'
INFO: [filemgmt 20-334] All file(s) are already imported in fileset: 'constrs_1'
INFO: [filemgmt 20-348] Importing the appropriate files for fileset: 'constrs_1'
INFO: [filemgmt 20-334] All file(s) are already imported in fileset: 'sim_2'
INFO: [filemgmt 20-348] Importing the appropriate files for fileset: 'sim_2'
INFO: [filemgmt 20-348] Importing the appropriate files for fileset: 'sources_1'
